{"ts": "2026-05-19T08:56:32.223369+00:00", "tag": "gateway.start", "pid": 82462, "python": "3.11.14", "platform": "darwin", "replace": true, "argv": ["/Users/ktoclaw/.hermes/hermes-agent/hermes_cli/main.py", "gateway", "run", "--replace"], "stdin_is_tty": false, "absorb_windows_console_controls": false}
{"ts": "2026-05-20T14:11:46.905393+00:00", "tag": "gateway.start", "pid": 75095, "python": "3.11.14", "platform": "darwin", "replace": false, "argv": ["/Users/ktoclaw/.hermes/hermes-agent/venv/bin/hermes", "gateway"], "stdin_is_tty": true, "absorb_windows_console_controls": false}
{"ts": "2026-05-20T14:11:46.919834+00:00", "tag": "asyncio.run.returned", "pid": 75095, "python": "3.11.14", "platform": "darwin", "success": false}
{"ts": "2026-05-20T14:11:46.919957+00:00", "tag": "gateway.exit_nonzero", "pid": 75095, "python": "3.11.14", "platform": "darwin"}
{"ts": "2026-05-20T14:11:46.920132+00:00", "tag": "atexit.hook", "pid": 75095, "python": "3.11.14", "platform": "darwin", "sys_exc": "(None, None, None)"}
{"ts": "2026-05-20T14:18:43.504384+00:00", "tag": "gateway.start", "pid": 77661, "python": "3.11.14", "platform": "darwin", "replace": false, "argv": ["/Users/ktoclaw/.hermes/hermes-agent/venv/bin/hermes", "gateway"], "stdin_is_tty": true, "absorb_windows_console_controls": false}
{"ts": "2026-05-20T14:18:43.514755+00:00", "tag": "asyncio.run.returned", "pid": 77661, "python": "3.11.14", "platform": "darwin", "success": false}
{"ts": "2026-05-20T14:18:43.514931+00:00", "tag": "gateway.exit_nonzero", "pid": 77661, "python": "3.11.14", "platform": "darwin"}
{"ts": "2026-05-20T14:18:43.515125+00:00", "tag": "atexit.hook", "pid": 77661, "python": "3.11.14", "platform": "darwin", "sys_exc": "(None, None, None)"}
{"ts": "2026-05-20T14:18:59.780190+00:00", "tag": "asyncio.run.returned", "pid": 82462, "python": "3.11.14", "platform": "darwin", "success": false}
{"ts": "2026-05-20T14:18:59.780470+00:00", "tag": "gateway.exit_nonzero", "pid": 82462, "python": "3.11.14", "platform": "darwin"}
{"ts": "2026-05-20T14:19:00.712483+00:00", "tag": "gateway.start", "pid": 77809, "python": "3.11.14", "platform": "darwin", "replace": true, "argv": ["/Users/ktoclaw/.hermes/hermes-agent/hermes_cli/main.py", "gateway", "run", "--replace"], "stdin_is_tty": false, "absorb_windows_console_controls": false}
{"ts": "2026-05-20T14:19:23.777347+00:00", "tag": "asyncio.run.returned", "pid": 77809, "python": "3.11.14", "platform": "darwin", "success": false}
{"ts": "2026-05-20T14:19:23.777619+00:00", "tag": "gateway.exit_nonzero", "pid": 77809, "python": "3.11.14", "platform": "darwin"}
{"ts": "2026-05-20T14:19:23.778437+00:00", "tag": "atexit.hook", "pid": 77809, "python": "3.11.14", "platform": "darwin", "sys_exc": "(None, None, None)"}
{"ts": "2026-05-20T14:19:34.535725+00:00", "tag": "gateway.start", "pid": 78041, "python": "3.11.14", "platform": "darwin", "replace": true, "argv": ["/Users/ktoclaw/.hermes/hermes-agent/hermes_cli/main.py", "gateway", "run", "--replace"], "stdin_is_tty": false, "absorb_windows_console_controls": false}
{"ts": "2026-05-20T14:28:01.192254+00:00", "tag": "asyncio.run.returned", "pid": 78041, "python": "3.11.14", "platform": "darwin", "success": false}
{"ts": "2026-05-20T14:28:01.192500+00:00", "tag": "gateway.exit_nonzero", "pid": 78041, "python": "3.11.14", "platform": "darwin"}
{"ts": "2026-05-20T14:28:01.194059+00:00", "tag": "atexit.hook", "pid": 78041, "python": "3.11.14", "platform": "darwin", "sys_exc": "(None, None, None)"}
{"ts": "2026-05-20T14:28:11.980945+00:00", "tag": "gateway.start", "pid": 81062, "python": "3.11.14", "platform": "darwin", "replace": true, "argv": ["/Users/ktoclaw/.hermes/hermes-agent/hermes_cli/main.py", "gateway", "run", "--replace"], "stdin_is_tty": false, "absorb_windows_console_controls": false}
{"ts": "2026-05-20T14:33:12.678127+00:00", "tag": "asyncio.run.returned", "pid": 81062, "python": "3.11.14", "platform": "darwin", "success": false}
{"ts": "2026-05-20T14:33:12.678344+00:00", "tag": "gateway.exit_nonzero", "pid": 81062, "python": "3.11.14", "platform": "darwin"}
{"ts": "2026-05-20T14:33:12.679516+00:00", "tag": "atexit.hook", "pid": 81062, "python": "3.11.14", "platform": "darwin", "sys_exc": "(None, None, None)"}
{"ts": "2026-05-20T14:33:23.523536+00:00", "tag": "gateway.start", "pid": 82903, "python": "3.11.14", "platform": "darwin", "replace": true, "argv": ["/Users/ktoclaw/.hermes/hermes-agent/hermes_cli/main.py", "gateway", "run", "--replace"], "stdin_is_tty": false, "absorb_windows_console_controls": false}
{"ts": "2026-05-20T14:34:14.685745+00:00", "tag": "asyncio.run.returned", "pid": 82903, "python": "3.11.14", "platform": "darwin", "success": false}
{"ts": "2026-05-20T14:34:14.685978+00:00", "tag": "gateway.exit_nonzero", "pid": 82903, "python": "3.11.14", "platform": "darwin"}
{"ts": "2026-05-20T14:34:14.686703+00:00", "tag": "atexit.hook", "pid": 82903, "python": "3.11.14", "platform": "darwin", "sys_exc": "(None, None, None)"}
{"ts": "2026-05-20T14:34:25.529701+00:00", "tag": "gateway.start", "pid": 83266, "python": "3.11.14", "platform": "darwin", "replace": true, "argv": ["/Users/ktoclaw/.hermes/hermes-agent/hermes_cli/main.py", "gateway", "run", "--replace"], "stdin_is_tty": false, "absorb_windows_console_controls": false}
{"ts": "2026-05-20T14:35:34.295851+00:00", "tag": "asyncio.run.returned", "pid": 83266, "python": "3.11.14", "platform": "darwin", "success": false}
{"ts": "2026-05-20T14:35:34.296076+00:00", "tag": "gateway.exit_nonzero", "pid": 83266, "python": "3.11.14", "platform": "darwin"}
{"ts": "2026-05-20T14:35:34.296817+00:00", "tag": "atexit.hook", "pid": 83266, "python": "3.11.14", "platform": "darwin", "sys_exc": "(None, None, None)"}
{"ts": "2026-05-20T14:35:45.133274+00:00", "tag": "gateway.start", "pid": 83730, "python": "3.11.14", "platform": "darwin", "replace": true, "argv": ["/Users/ktoclaw/.hermes/hermes-agent/hermes_cli/main.py", "gateway", "run", "--replace"], "stdin_is_tty": false, "absorb_windows_console_controls": false}
{"ts": "2026-05-20T14:40:43.008377+00:00", "tag": "gateway.start", "pid": 86388, "python": "3.11.14", "platform": "darwin", "replace": true, "argv": ["/Users/ktoclaw/.hermes/hermes-agent/hermes_cli/main.py", "gateway", "run", "--replace"], "stdin_is_tty": false, "absorb_windows_console_controls": false}
{"ts": "2026-05-20T14:42:55.579900+00:00", "tag": "gateway.start", "pid": 87191, "python": "3.11.14", "platform": "darwin", "replace": true, "argv": ["/Users/ktoclaw/.hermes/hermes-agent/hermes_cli/main.py", "gateway", "run", "--replace"], "stdin_is_tty": false, "absorb_windows_console_controls": false}
