
=== SIGTERM received · 2026-05-21 07:05:50 ===
main-thread stack at signal delivery:
  File "<frozen runpy>", line 198, in _run_module_as_main
  File "<frozen runpy>", line 88, in _run_code
  File "/Users/ktoclaw/.hermes/hermes-agent/tui_gateway/entry.py", line 251, in <module>
    main()
  File "/Users/ktoclaw/.hermes/hermes-agent/tui_gateway/entry.py", line 227, in main
    for raw in sys.stdin:

--- thread MainThread (id=8581324992) ---
  File "<frozen runpy>", line 198, in _run_module_as_main
  File "<frozen runpy>", line 88, in _run_code
  File "/Users/ktoclaw/.hermes/hermes-agent/tui_gateway/entry.py", line 251, in <module>
    main()
  File "/Users/ktoclaw/.hermes/hermes-agent/tui_gateway/entry.py", line 227, in main
    for raw in sys.stdin:
  File "/Users/ktoclaw/.hermes/hermes-agent/tui_gateway/entry.py", line 106, in _log_signal
    f.write("".join(traceback.format_stack(sys._current_frames().get(tid))))

--- thread Thread-2 (recv_events) (id=6118289408) ---
  File "/Users/ktoclaw/.local/share/uv/python/cpython-3.11.14-macos-aarch64-none/lib/python3.11/threading.py", line 1002, in _bootstrap
    self._bootstrap_inner()
  File "/Users/ktoclaw/.local/share/uv/python/cpython-3.11.14-macos-aarch64-none/lib/python3.11/threading.py", line 1045, in _bootstrap_inner
    self.run()
  File "/Users/ktoclaw/.local/share/uv/python/cpython-3.11.14-macos-aarch64-none/lib/python3.11/threading.py", line 982, in run
    self._target(*self._args, **self._kwargs)
  File "/Users/ktoclaw/.hermes/hermes-agent/venv/lib/python3.11/site-packages/websockets/sync/client.py", line 123, in recv_events
    super().recv_events()
  File "/Users/ktoclaw/.hermes/hermes-agent/venv/lib/python3.11/site-packages/websockets/sync/connection.py", line 814, in recv_events
    data = self.socket.recv(self.recv_bufsize)

--- thread Thread-3 (keepalive) (id=6135115776) ---
  File "/Users/ktoclaw/.local/share/uv/python/cpython-3.11.14-macos-aarch64-none/lib/python3.11/threading.py", line 1002, in _bootstrap
    self._bootstrap_inner()
  File "/Users/ktoclaw/.local/share/uv/python/cpython-3.11.14-macos-aarch64-none/lib/python3.11/threading.py", line 1045, in _bootstrap_inner
    self.run()
  File "/Users/ktoclaw/.local/share/uv/python/cpython-3.11.14-macos-aarch64-none/lib/python3.11/threading.py", line 982, in run
    self._target(*self._args, **self._kwargs)
  File "/Users/ktoclaw/.hermes/hermes-agent/venv/lib/python3.11/site-packages/websockets/sync/connection.py", line 758, in keepalive
    self.recv_events_thread.join(self.ping_interval - self.latency)
  File "/Users/ktoclaw/.local/share/uv/python/cpython-3.11.14-macos-aarch64-none/lib/python3.11/threading.py", line 1123, in join
    self._wait_for_tstate_lock(timeout=max(timeout, 0))
  File "/Users/ktoclaw/.local/share/uv/python/cpython-3.11.14-macos-aarch64-none/lib/python3.11/threading.py", line 1139, in _wait_for_tstate_lock
    if lock.acquire(block, timeout):

--- thread hermes-ws-pub (id=6151942144) ---
  File "/Users/ktoclaw/.local/share/uv/python/cpython-3.11.14-macos-aarch64-none/lib/python3.11/threading.py", line 1002, in _bootstrap
    self._bootstrap_inner()
  File "/Users/ktoclaw/.local/share/uv/python/cpython-3.11.14-macos-aarch64-none/lib/python3.11/threading.py", line 1045, in _bootstrap_inner
    self.run()
  File "/Users/ktoclaw/.local/share/uv/python/cpython-3.11.14-macos-aarch64-none/lib/python3.11/threading.py", line 982, in run
    self._target(*self._args, **self._kwargs)
  File "/Users/ktoclaw/.hermes/hermes-agent/tui_gateway/event_publisher.py", line 74, in _drain
    item = self._q.get()
  File "/Users/ktoclaw/.local/share/uv/python/cpython-3.11.14-macos-aarch64-none/lib/python3.11/queue.py", line 171, in get
    self.not_empty.wait()
  File "/Users/ktoclaw/.local/share/uv/python/cpython-3.11.14-macos-aarch64-none/lib/python3.11/threading.py", line 327, in wait
    waiter.acquire()

--- thread Thread-6 (_drain_stdout) (id=6168768512) ---
  File "/Users/ktoclaw/.local/share/uv/python/cpython-3.11.14-macos-aarch64-none/lib/python3.11/threading.py", line 1002, in _bootstrap
    self._bootstrap_inner()
  File "/Users/ktoclaw/.local/share/uv/python/cpython-3.11.14-macos-aarch64-none/lib/python3.11/threading.py", line 1045, in _bootstrap_inner
    self.run()
  File "/Users/ktoclaw/.local/share/uv/python/cpython-3.11.14-macos-aarch64-none/lib/python3.11/threading.py", line 982, in run
    self._target(*self._args, **self._kwargs)
  File "/Users/ktoclaw/.hermes/hermes-agent/tui_gateway/server.py", line 216, in _drain_stdout
    for line in self.proc.stdout or []:

--- thread Thread-7 (_drain_stderr) (id=6341865472) ---
  File "/Users/ktoclaw/.local/share/uv/python/cpython-3.11.14-macos-aarch64-none/lib/python3.11/threading.py", line 1002, in _bootstrap
    self._bootstrap_inner()
  File "/Users/ktoclaw/.local/share/uv/python/cpython-3.11.14-macos-aarch64-none/lib/python3.11/threading.py", line 1045, in _bootstrap_inner
    self.run()
  File "/Users/ktoclaw/.local/share/uv/python/cpython-3.11.14-macos-aarch64-none/lib/python3.11/threading.py", line 982, in run
    self._target(*self._args, **self._kwargs)
  File "/Users/ktoclaw/.hermes/hermes-agent/tui_gateway/server.py", line 224, in _drain_stderr
    for line in self.proc.stderr or []:

--- thread Thread-8 (_notification_poller_loop) (id=6358691840) ---
  File "/Users/ktoclaw/.local/share/uv/python/cpython-3.11.14-macos-aarch64-none/lib/python3.11/threading.py", line 1002, in _bootstrap
    self._bootstrap_inner()
  File "/Users/ktoclaw/.local/share/uv/python/cpython-3.11.14-macos-aarch64-none/lib/python3.11/threading.py", line 1045, in _bootstrap_inner
    self.run()
  File "/Users/ktoclaw/.local/share/uv/python/cpython-3.11.14-macos-aarch64-none/lib/python3.11/threading.py", line 982, in run
    self._target(*self._args, **self._kwargs)
  File "/Users/ktoclaw/.hermes/hermes-agent/tui_gateway/server.py", line 3073, in _notification_poller_loop
    evt = process_registry.completion_queue.get(timeout=0.5)
  File "/Users/ktoclaw/.local/share/uv/python/cpython-3.11.14-macos-aarch64-none/lib/python3.11/queue.py", line 180, in get
    self.not_empty.wait(remaining)
  File "/Users/ktoclaw/.local/share/uv/python/cpython-3.11.14-macos-aarch64-none/lib/python3.11/threading.py", line 331, in wait
    gotit = waiter.acquire(True, timeout)
